{
  "uid" : "891559afef8e8431",
  "name" : "Поиск по статусу",
  "fullName" : "tests.admin_panel_test.TestAdminPanel#test_search_by_status",
  "historyId" : "ce93ccc8d62ad7d77a7e1d629e2a6acf",
  "time" : {
    "start" : 1741275630178,
    "stop" : 1741275645057,
    "duration" : 14879
  },
  "status" : "broken",
  "statusMessage" : "selenium.common.exceptions.TimeoutException: Message:",
  "statusTrace" : "self = <admin_panel_test.TestAdminPanel object at 0x7f39727027e0>\n\n    @allure.title(\"Поиск по статусу\")\n    @allure.severity(\"medium\")\n    @pytest.mark.smoke\n    def test_search_by_status(self):\n        self.login_page.open()\n        self.login_page.enter_login(self.data.LOGIN)\n        self.login_page.enter_password(self.data.PASSWORD)\n        self.login_page.click_submit_button()\n        self.dashboard_page.is_opened()\n        self.dashboard_page.click_admin_link()\n        self.admin_page.is_opened()\n        self.admin_page.choose_status(2)\n        self.admin_page.click_search_button()\n>       self.admin_page.is_status_search_valid()\n\ntests/admin_panel_test.py:53: \n_ _ _ _ _ _ _ _ _ _ _ _ _ _ _ _ _ _ _ _ _ _ _ _ _ _ _ _ _ _ _ _ _ _ _ _ _ _ _ _ \npages/admin_page.py:68: in is_status_search_valid\n    self.wait.until(EC.visibility_of_element_located(self.STATUS_RESULT))\n_ _ _ _ _ _ _ _ _ _ _ _ _ _ _ _ _ _ _ _ _ _ _ _ _ _ _ _ _ _ _ _ _ _ _ _ _ _ _ _ \n\nself = <selenium.webdriver.support.wait.WebDriverWait (session=\"496ea8e32fb44a090b70a1d189697ec0\")>\nmethod = <function visibility_of_element_located.<locals>._predicate at 0x7f3972777420>\nmessage = ''\n\n    def until(self, method, message: str = \"\"):\n        \"\"\"Calls the method provided with the driver as an argument until the \\\n        return value does not evaluate to ``False``.\n    \n        :param method: callable(WebDriver)\n        :param message: optional message for :exc:`TimeoutException`\n        :returns: the result of the last call to `method`\n        :raises: :exc:`selenium.common.exceptions.TimeoutException` if timeout occurs\n        \"\"\"\n        screen = None\n        stacktrace = None\n    \n        end_time = time.monotonic() + self._timeout\n        while True:\n            try:\n                value = method(self._driver)\n                if value:\n                    return value\n            except self._ignored_exceptions as exc:\n                screen = getattr(exc, \"screen\", None)\n                stacktrace = getattr(exc, \"stacktrace\", None)\n            time.sleep(self._poll)\n            if time.monotonic() > end_time:\n                break\n>       raise TimeoutException(message, screen, stacktrace)\nE       selenium.common.exceptions.TimeoutException: Message:\n\n../local/lib/python3.12/site-packages/selenium/webdriver/support/wait.py:95: TimeoutException",
  "flaky" : false,
  "newFailed" : false,
  "beforeStages" : [ {
    "name" : "setup",
    "time" : {
      "start" : 1741275630177,
      "stop" : 1741275630177,
      "duration" : 0
    },
    "status" : "passed",
    "steps" : [ ],
    "attachments" : [ ],
    "parameters" : [ ],
    "attachmentsCount" : 0,
    "shouldDisplayMessage" : false,
    "stepsCount" : 0,
    "hasContent" : false
  }, {
    "name" : "driver",
    "time" : {
      "start" : 1741275629446,
      "stop" : 1741275630177,
      "duration" : 731
    },
    "status" : "passed",
    "steps" : [ ],
    "attachments" : [ ],
    "parameters" : [ ],
    "attachmentsCount" : 0,
    "shouldDisplayMessage" : false,
    "stepsCount" : 0,
    "hasContent" : false
  } ],
  "testStage" : {
    "status" : "broken",
    "statusMessage" : "selenium.common.exceptions.TimeoutException: Message:",
    "statusTrace" : "self = <admin_panel_test.TestAdminPanel object at 0x7f39727027e0>\n\n    @allure.title(\"Поиск по статусу\")\n    @allure.severity(\"medium\")\n    @pytest.mark.smoke\n    def test_search_by_status(self):\n        self.login_page.open()\n        self.login_page.enter_login(self.data.LOGIN)\n        self.login_page.enter_password(self.data.PASSWORD)\n        self.login_page.click_submit_button()\n        self.dashboard_page.is_opened()\n        self.dashboard_page.click_admin_link()\n        self.admin_page.is_opened()\n        self.admin_page.choose_status(2)\n        self.admin_page.click_search_button()\n>       self.admin_page.is_status_search_valid()\n\ntests/admin_panel_test.py:53: \n_ _ _ _ _ _ _ _ _ _ _ _ _ _ _ _ _ _ _ _ _ _ _ _ _ _ _ _ _ _ _ _ _ _ _ _ _ _ _ _ \npages/admin_page.py:68: in is_status_search_valid\n    self.wait.until(EC.visibility_of_element_located(self.STATUS_RESULT))\n_ _ _ _ _ _ _ _ _ _ _ _ _ _ _ _ _ _ _ _ _ _ _ _ _ _ _ _ _ _ _ _ _ _ _ _ _ _ _ _ \n\nself = <selenium.webdriver.support.wait.WebDriverWait (session=\"496ea8e32fb44a090b70a1d189697ec0\")>\nmethod = <function visibility_of_element_located.<locals>._predicate at 0x7f3972777420>\nmessage = ''\n\n    def until(self, method, message: str = \"\"):\n        \"\"\"Calls the method provided with the driver as an argument until the \\\n        return value does not evaluate to ``False``.\n    \n        :param method: callable(WebDriver)\n        :param message: optional message for :exc:`TimeoutException`\n        :returns: the result of the last call to `method`\n        :raises: :exc:`selenium.common.exceptions.TimeoutException` if timeout occurs\n        \"\"\"\n        screen = None\n        stacktrace = None\n    \n        end_time = time.monotonic() + self._timeout\n        while True:\n            try:\n                value = method(self._driver)\n                if value:\n                    return value\n            except self._ignored_exceptions as exc:\n                screen = getattr(exc, \"screen\", None)\n                stacktrace = getattr(exc, \"stacktrace\", None)\n            time.sleep(self._poll)\n            if time.monotonic() > end_time:\n                break\n>       raise TimeoutException(message, screen, stacktrace)\nE       selenium.common.exceptions.TimeoutException: Message:\n\n../local/lib/python3.12/site-packages/selenium/webdriver/support/wait.py:95: TimeoutException",
    "steps" : [ {
      "name" : "Open https://opensource-demo.orangehrmlive.com/web/index.php/auth/login page",
      "time" : {
        "start" : 1741275630178,
        "stop" : 1741275630731,
        "duration" : 553
      },
      "status" : "passed",
      "steps" : [ ],
      "attachments" : [ ],
      "parameters" : [ ],
      "attachmentsCount" : 0,
      "shouldDisplayMessage" : false,
      "stepsCount" : 0,
      "hasContent" : false
    }, {
      "name" : "Ввод логина",
      "time" : {
        "start" : 1741275630731,
        "stop" : 1741275631785,
        "duration" : 1054
      },
      "status" : "passed",
      "steps" : [ ],
      "attachments" : [ ],
      "parameters" : [ {
        "name" : "login",
        "value" : "'Admin'"
      } ],
      "attachmentsCount" : 0,
      "shouldDisplayMessage" : false,
      "stepsCount" : 0,
      "hasContent" : true
    }, {
      "name" : "Ввод пароля",
      "time" : {
        "start" : 1741275631785,
        "stop" : 1741275631855,
        "duration" : 70
      },
      "status" : "passed",
      "steps" : [ ],
      "attachments" : [ ],
      "parameters" : [ {
        "name" : "password",
        "value" : "'admin123'"
      } ],
      "attachmentsCount" : 0,
      "shouldDisplayMessage" : false,
      "stepsCount" : 0,
      "hasContent" : true
    }, {
      "name" : "Подтвердить вход",
      "time" : {
        "start" : 1741275631855,
        "stop" : 1741275631898,
        "duration" : 43
      },
      "status" : "passed",
      "steps" : [ ],
      "attachments" : [ ],
      "parameters" : [ ],
      "attachmentsCount" : 0,
      "shouldDisplayMessage" : false,
      "stepsCount" : 0,
      "hasContent" : false
    }, {
      "name" : "Page https://opensource-demo.orangehrmlive.com/web/index.php/dashboard/index is opened",
      "time" : {
        "start" : 1741275631898,
        "stop" : 1741275632522,
        "duration" : 624
      },
      "status" : "passed",
      "steps" : [ ],
      "attachments" : [ ],
      "parameters" : [ ],
      "attachmentsCount" : 0,
      "shouldDisplayMessage" : false,
      "stepsCount" : 0,
      "hasContent" : false
    }, {
      "name" : "перейти на страницу 'Admin'",
      "time" : {
        "start" : 1741275632522,
        "stop" : 1741275633844,
        "duration" : 1322
      },
      "status" : "passed",
      "steps" : [ ],
      "attachments" : [ ],
      "parameters" : [ ],
      "attachmentsCount" : 0,
      "shouldDisplayMessage" : false,
      "stepsCount" : 0,
      "hasContent" : false
    }, {
      "name" : "Page https://opensource-demo.orangehrmlive.com/web/index.php/admin/viewSystemUsers is opened",
      "time" : {
        "start" : 1741275633844,
        "stop" : 1741275633846,
        "duration" : 2
      },
      "status" : "passed",
      "steps" : [ ],
      "attachments" : [ ],
      "parameters" : [ ],
      "attachmentsCount" : 0,
      "shouldDisplayMessage" : false,
      "stepsCount" : 0,
      "hasContent" : false
    }, {
      "name" : "Выбор статуса",
      "time" : {
        "start" : 1741275633846,
        "stop" : 1741275634945,
        "duration" : 1099
      },
      "status" : "passed",
      "steps" : [ ],
      "attachments" : [ ],
      "parameters" : [ ],
      "attachmentsCount" : 0,
      "shouldDisplayMessage" : false,
      "stepsCount" : 0,
      "hasContent" : false
    }, {
      "name" : "Клик по кнопке поиска",
      "time" : {
        "start" : 1741275634945,
        "stop" : 1741275634994,
        "duration" : 49
      },
      "status" : "passed",
      "steps" : [ ],
      "attachments" : [ ],
      "parameters" : [ ],
      "attachmentsCount" : 0,
      "shouldDisplayMessage" : false,
      "stepsCount" : 0,
      "hasContent" : false
    }, {
      "name" : "Проверка валидности выдачи статуса",
      "time" : {
        "start" : 1741275634994,
        "stop" : 1741275645056,
        "duration" : 10062
      },
      "status" : "broken",
      "statusMessage" : "selenium.common.exceptions.TimeoutException: Message: \n\n",
      "statusTrace" : "  File \"/usr/local/lib/python3.12/site-packages/allure_commons/_allure.py\", line 192, in impl\n    return func(*a, **kw)\n           ^^^^^^^^^^^^^^\n  File \"/usr/workspace/pages/admin_page.py\", line 68, in is_status_search_valid\n    self.wait.until(EC.visibility_of_element_located(self.STATUS_RESULT))\n  File \"/usr/local/lib/python3.12/site-packages/selenium/webdriver/support/wait.py\", line 95, in until\n    raise TimeoutException(message, screen, stacktrace)\n",
      "steps" : [ ],
      "attachments" : [ ],
      "parameters" : [ ],
      "attachmentsCount" : 0,
      "shouldDisplayMessage" : true,
      "stepsCount" : 0,
      "hasContent" : true
    } ],
    "attachments" : [ ],
    "parameters" : [ ],
    "attachmentsCount" : 0,
    "shouldDisplayMessage" : true,
    "stepsCount" : 10,
    "hasContent" : true
  },
  "afterStages" : [ {
    "name" : "driver::0",
    "time" : {
      "start" : 1741275645086,
      "stop" : 1741275645143,
      "duration" : 57
    },
    "status" : "passed",
    "steps" : [ ],
    "attachments" : [ ],
    "parameters" : [ ],
    "attachmentsCount" : 0,
    "shouldDisplayMessage" : false,
    "stepsCount" : 0,
    "hasContent" : false
  } ],
  "labels" : [ {
    "name" : "severity",
    "value" : "medium"
  }, {
    "name" : "parentSuite",
    "value" : "Страница 'Админ'"
  }, {
    "name" : "tag",
    "value" : "smoke"
  }, {
    "name" : "suite",
    "value" : "admin_panel_test"
  }, {
    "name" : "subSuite",
    "value" : "TestAdminPanel"
  }, {
    "name" : "host",
    "value" : "9107242ef96a"
  }, {
    "name" : "thread",
    "value" : "1-MainThread"
  }, {
    "name" : "framework",
    "value" : "pytest"
  }, {
    "name" : "language",
    "value" : "cpython3"
  }, {
    "name" : "package",
    "value" : "tests.admin_panel_test"
  }, {
    "name" : "resultFormat",
    "value" : "allure2"
  } ],
  "parameters" : [ ],
  "links" : [ ],
  "hidden" : false,
  "retry" : false,
  "extra" : {
    "severity" : "normal",
    "retries" : [ ],
    "categories" : [ {
      "name" : "Test defects",
      "matchedStatuses" : [ ],
      "flaky" : false
    } ],
    "history" : {
      "statistic" : {
        "failed" : 0,
        "broken" : 3,
        "skipped" : 0,
        "passed" : 3,
        "unknown" : 0,
        "total" : 6
      },
      "items" : [ {
        "uid" : "269983e8cb46d5e7",
        "status" : "passed",
        "statusDetails" : "XPASS",
        "time" : {
          "start" : 1740338556194,
          "stop" : 1740338562151,
          "duration" : 5957
        }
      }, {
        "uid" : "f1923d32b585a788",
        "status" : "broken",
        "statusDetails" : "selenium.common.exceptions.TimeoutException: Message:",
        "time" : {
          "start" : 1740325027451,
          "stop" : 1740325042398,
          "duration" : 14947
        }
      }, {
        "uid" : "239be7e5555cc58b",
        "status" : "passed",
        "time" : {
          "start" : 1740317151018,
          "stop" : 1740317156924,
          "duration" : 5906
        }
      }, {
        "uid" : "d4026ce2eac58d49",
        "status" : "passed",
        "time" : {
          "start" : 1740316830439,
          "stop" : 1740316837296,
          "duration" : 6857
        }
      }, {
        "uid" : "aecfce5ad7c0611f",
        "status" : "broken",
        "statusDetails" : "TypeError: element_to_be_clickable() missing 1 required positional argument: 'mark'",
        "time" : {
          "start" : 1740257026792,
          "stop" : 1740257031317,
          "duration" : 4525
        }
      } ]
    },
    "tags" : [ "smoke" ]
  },
  "source" : "891559afef8e8431.json",
  "parameterValues" : [ ]
}